<?xml version="1.0" encoding="UTF-8"?>
<testng-results ignored="0" total="1" passed="1" failed="0" skipped="0">
  <reporter-output>
  </reporter-output>
  <suite started-at="2026-07-11T10:20:33 GMT-04:00" name="Default suite" finished-at="2026-07-11T10:20:33 GMT-04:00" duration-ms="86">
    <groups>
    </groups>
    <test started-at="2026-07-11T10:20:33 GMT-04:00" name="Default test" finished-at="2026-07-11T10:20:33 GMT-04:00" duration-ms="86">
      <class name="Demo.Demo2Test">
        <test-method signature="BloodTest()[pri:0, instance:Demo.Demo2Test@3e27aa33]" started-at="2026-07-11T10:20:33 GMT-04:00" name="BloodTest" finished-at="2026-07-11T10:20:33 GMT-04:00" duration-ms="16" status="PASS">
          <reporter-output>
          </reporter-output>
        </test-method> <!-- BloodTest -->
      </class> <!-- Demo.Demo2Test -->
    </test> <!-- Default test -->
  </suite> <!-- Default suite -->
</testng-results>
